<?xml version="1.0" encoding="UTF-8"?>
<!-- Generated by org.testng.reporters.JUnitReportReporter -->
<testsuite hostname="SHIVA-PC" failures="0" tests="1" name="testCases.ExecuteTest" time="6.721" errors="0" timestamp="2022-10-03T12:11:49 IST" skipped="0">
  <testcase classname="testCases.ExecuteTest" name="testLogin" time="6.721"/>
  <system-out/>
</testsuite> <!-- testCases.ExecuteTest -->
